<html>
<body>
<pre>
<h1>µVision Build Log</h1>
<h2>Project:</h2>
C:\Users\Jack\Documents\GitHub\445L\Lab3\ST7735_4C123\ST7735_4C123\ST7735.uvproj
Project File Date:  02/13/2016

<h2>Output:</h2>
Rebuild target 'ST7735'
assembling startup.s...
compiling PLL.c...
compiling ST7735.c...
compiling ST7735TestMain.c...
compiling SysTick.c...
compiling Switch.c...
compiling Timer1.c...
compiling SetTime.c...
SetTime.c(69): warning:  #186-D: pointless comparison of unsigned integer with zero
    if((--Time_Hours)<0) {Time_Hours = 23;} //if hour below 0, reset to 23
SetTime.c(81): warning:  #186-D: pointless comparison of unsigned integer with zero
    if((--Time_Minutes)<0) {Time_Minutes = 59;} //if min below 0, reset to 59
SetTime.c: 2 warnings, 0 errors
compiling SetAlarm.c...
SetAlarm.c(67): warning:  #186-D: pointless comparison of unsigned integer with zero
    if((--Alarm_Hours)<0) {Alarm_Hours = 23;} //if hour below 0, reset to 23
SetAlarm.c(79): warning:  #186-D: pointless comparison of unsigned integer with zero
    if((--Alarm_Minutes)<0) {Alarm_Minutes = 59;} //if min below 0, reset to 59
SetAlarm.c: 2 warnings, 0 errors
compiling PWM.c...
compiling TimeDisplay.c...
compiling ToggleAlarm.c...
compiling MainMenu.c...
linking...
Program Size: Code=8032 RO-data=2344 RW-data=84 ZI-data=1028  
".\ST7735.axf" - 0 Error(s), 4 Warning(s).
</pre>
</body>
</html>
 list image symbols.
Not enough information to list the image map.
Finished: 2 information, 0 warning and 1 error messages.
".\ST7735.axf" - 1 Error(s), 4 Warning(s).
Target not created
tion to list the image map.
Finished: 2 information, 0 warning and 1 error messages.
".\ST7735.axf" - 1 Error(s), 5 Warning(s).
Target not created
(by mainmenu.o and timedisplay.o).
Not enough information to list image symbols.
Not enough information to list the image map.
Finished: 2 information, 0 warning and 2 error messages.
".\ST7735.axf" - 2 Error(s), 6 Warning(s).
Target not created
ling TimeDisplay.c...
compiling ToggleAlarm.c...
linking...
Program Size: Code=7756 RO-data=2340 RW-data=84 ZI-data=1028  
".\ST7735.axf" - 0 Error(s), 11 Warning(s).
hour below 0, reset to 23
SetAlarm.c(81): warning:  #186-D: pointless comparison of unsigned integer with zero
    if((--Alarm_Minutes)<0) {Alarm_Minutes = 59;} //if min below 0, reset to 59
SetAlarm.c(89): warning:  #1-D: last line of file ends without a newline
  }
SetAlarm.c: 4 warnings, 0 errors
compiling PWM.c...
compiling TimeDisplay.c...
compiling ToggleAlarm.c...
SetAlarm.h(20): warning:  #1-D: last line of file ends without a newline
  void DisplayAlarm(void);
ToggleAlarm.c: 1 warning, 0 errors
linking...
Program Size: Code=7756 RO-data=2340 RW-data=84 ZI-data=1028  
".\ST7735.axf" - 0 Error(s), 17 Warning(s).
      }
ToggleAlarm.c: 1 warning, 2 errors
".\ST7735.axf" - 2 Error(s), 17 Warning(s).
Target not created
rmTime" declared implicitly
                CheckAlarmTime()
ToggleAlarm.c(32): error:  #65: expected a ";"
        }
ToggleAlarm.c(47): error:  #159: declaration is incompatible with previous "CheckAlarmTime" (declared at line 31)
  void CheckAlarmTime(void)
ToggleAlarm.c: 3 warnings, 3 errors
".\ST7735.axf" - 3 Error(s), 19 Warning(s).
Target not created
